<?xml version="1.0" encoding="UTF-8"?>
<coverage generated="1575966146427" clover="3.2.0">
  <project timestamp="1575966146427" name="All files">
    <metrics statements="32" coveredstatements="28" conditionals="18" coveredconditionals="13" methods="12" coveredmethods="12" elements="62" coveredelements="53" complexity="0" loc="32" ncloc="32" packages="2" files="5" classes="5"/>
    <package name="app">
      <metrics statements="21" coveredstatements="19" conditionals="10" coveredconditionals="7" methods="8" coveredmethods="8"/>
      <file name="app.component.html" path="E:\Bhavin\etc\angular-jest\src\app\app.component.html">
        <metrics statements="1" coveredstatements="1" conditionals="0" coveredconditionals="0" methods="0" coveredmethods="0"/>
        <line num="1" count="1" type="stmt"/>
      </file>
      <file name="app.component.ts" path="E:\Bhavin\etc\angular-jest\src\app\app.component.ts">
        <metrics statements="11" coveredstatements="9" conditionals="8" coveredconditionals="6" methods="3" coveredmethods="3"/>
        <line num="1" count="1" type="stmt"/>
        <line num="2" count="1" type="stmt"/>
        <line num="8" count="1" type="stmt"/>
        <line num="9" count="6" type="stmt"/>
        <line num="10" count="6" type="stmt"/>
        <line num="13" count="1" type="cond" truecount="3" falsecount="1"/>
        <line num="14" count="1" type="stmt"/>
        <line num="16" count="0" type="stmt"/>
        <line num="21" count="1" type="cond" truecount="3" falsecount="1"/>
        <line num="22" count="1" type="stmt"/>
        <line num="24" count="0" type="stmt"/>
      </file>
      <file name="utility.service.ts" path="E:\Bhavin\etc\angular-jest\src\app\utility.service.ts">
        <metrics statements="9" coveredstatements="9" conditionals="2" coveredconditionals="1" methods="5" coveredmethods="5"/>
        <line num="1" count="3" type="stmt"/>
        <line num="2" count="3" type="stmt"/>
        <line num="7" count="3" type="stmt"/>
        <line num="10" count="13" type="stmt"/>
        <line num="11" count="13" type="stmt"/>
        <line num="14" count="8" type="cond" truecount="1" falsecount="1"/>
        <line num="18" count="1" type="stmt"/>
        <line num="22" count="1" type="stmt"/>
        <line num="26" count="1" type="stmt"/>
      </file>
    </package>
    <package name="app.home">
      <metrics statements="11" coveredstatements="9" conditionals="8" coveredconditionals="6" methods="4" coveredmethods="4"/>
      <file name="home.component.html" path="E:\Bhavin\etc\angular-jest\src\app\home\home.component.html">
        <metrics statements="1" coveredstatements="1" conditionals="0" coveredconditionals="0" methods="0" coveredmethods="0"/>
        <line num="1" count="1" type="stmt"/>
      </file>
      <file name="home.component.ts" path="E:\Bhavin\etc\angular-jest\src\app\home\home.component.ts">
        <metrics statements="10" coveredstatements="8" conditionals="8" coveredconditionals="6" methods="4" coveredmethods="4"/>
        <line num="1" count="1" type="stmt"/>
        <line num="2" count="1" type="stmt"/>
        <line num="8" count="1" type="stmt"/>
        <line num="10" count="6" type="stmt"/>
        <line num="16" count="1" type="cond" truecount="3" falsecount="1"/>
        <line num="17" count="1" type="stmt"/>
        <line num="19" count="0" type="stmt"/>
        <line num="24" count="1" type="cond" truecount="3" falsecount="1"/>
        <line num="25" count="1" type="stmt"/>
        <line num="27" count="0" type="stmt"/>
      </file>
    </package>
  </project>
</coverage>
