{"E:\\Bhavin\\etc\\angular-jest\\src\\app\\app.component.html": {"data":{"path":"E:\\Bhavin\\etc\\angular-jest\\src\\app\\app.component.html","statementMap":{"0":{"start":{"line":1,"column":0},"end":{"line":1,"column":17}}},"fnMap":{},"branchMap":{},"s":{"0":1},"f":{},"b":{},"_coverageSchema":"43e27e138ebf9cfc5966b082cf9a028302ed4184","hash":"14055e049750fcdabdb544c6d6293e42f160c3e7"}}
,"E:\\Bhavin\\etc\\angular-jest\\src\\app\\app.component.ts": {"path":"E:\\Bhavin\\etc\\angular-jest\\src\\app\\app.component.ts","statementMap":{"0":{"start":{"line":1,"column":0},"end":{"line":1,"column":42}},"1":{"start":{"line":2,"column":0},"end":{"line":2,"column":51}},"2":{"start":{"line":8,"column":0},"end":{"line":28,"column":null}},"3":{"start":{"line":10,"column":21},"end":{"line":10,"column":30}},"4":{"start":{"line":9,"column":2},"end":{"line":9,"column":32}},"5":{"start":{"line":13,"column":6},"end":{"line":17,"column":null}},"6":{"start":{"line":14,"column":8},"end":{"line":14,"column":33}},"7":{"start":{"line":16,"column":8},"end":{"line":16,"column":41}},"8":{"start":{"line":21,"column":4},"end":{"line":25,"column":null}},"9":{"start":{"line":22,"column":6},"end":{"line":22,"column":44}},"10":{"start":{"line":24,"column":6},"end":{"line":24,"column":39}},"11":{"start":{"line":8,"column":13},"end":{"line":28,"column":null}},"12":{"start":{"line":8,"column":13},"end":{"line":8,"column":25}}},"fnMap":{"0":{"name":"(anonymous_0)","decl":{"start":{"line":10,"column":2},"end":{"line":10,"column":21}},"loc":{"start":{"line":10,"column":44},"end":{"line":10,"column":47}}},"1":{"name":"(anonymous_1)","decl":{"start":{"line":12,"column":2},"end":{"line":12,"column":7}},"loc":{"start":{"line":12,"column":39},"end":{"line":18,"column":3}}},"2":{"name":"(anonymous_2)","decl":{"start":{"line":20,"column":2},"end":{"line":20,"column":7}},"loc":{"start":{"line":20,"column":33},"end":{"line":26,"column":1}}}},"branchMap":{"0":{"loc":{"start":{"line":13,"column":6},"end":{"line":17,"column":null}},"type":"if","locations":[{"start":{"line":13,"column":6},"end":{"line":17,"column":null}},{"start":{"line":13,"column":6},"end":{"line":17,"column":null}}]},"1":{"loc":{"start":{"line":13,"column":9},"end":{"line":13,"column":42}},"type":"binary-expr","locations":[{"start":{"line":13,"column":9},"end":{"line":13,"column":42}},{"start":{"line":13,"column":46},"end":{"line":13,"column":79}}]},"2":{"loc":{"start":{"line":21,"column":4},"end":{"line":25,"column":null}},"type":"if","locations":[{"start":{"line":21,"column":4},"end":{"line":25,"column":null}},{"start":{"line":21,"column":4},"end":{"line":25,"column":null}}]},"3":{"loc":{"start":{"line":21,"column":7},"end":{"line":21,"column":37}},"type":"binary-expr","locations":[{"start":{"line":21,"column":7},"end":{"line":21,"column":37}},{"start":{"line":21,"column":41},"end":{"line":21,"column":71}}]}},"s":{"0":1,"1":1,"2":1,"3":6,"4":6,"5":1,"6":1,"7":0,"8":1,"9":1,"10":0,"11":1,"12":1},"f":{"0":6,"1":1,"2":1},"b":{"0":[1,0],"1":[1,1],"2":[1,0],"3":[1,1]}}
,"E:\\Bhavin\\etc\\angular-jest\\src\\app\\utility.service.ts": {"path":"E:\\Bhavin\\etc\\angular-jest\\src\\app\\utility.service.ts","statementMap":{"0":{"start":{"line":1,"column":0},"end":{"line":1,"column":43}},"1":{"start":{"line":2,"column":0},"end":{"line":2,"column":50}},"2":{"start":{"line":7,"column":0},"end":{"line":28,"column":null}},"3":{"start":{"line":11,"column":22},"end":{"line":11,"column":28}},"4":{"start":{"line":10,"column":9},"end":{"line":10,"column":59}},"5":{"start":{"line":14,"column":4},"end":{"line":14,"column":32}},"6":{"start":{"line":18,"column":4},"end":{"line":18,"column":29}},"7":{"start":{"line":22,"column":4},"end":{"line":22,"column":21}},"8":{"start":{"line":26,"column":4},"end":{"line":26,"column":51}},"9":{"start":{"line":7,"column":13},"end":{"line":28,"column":null}},"10":{"start":{"line":7,"column":13},"end":{"line":7,"column":27}}},"fnMap":{"0":{"name":"(anonymous_0)","decl":{"start":{"line":11,"column":2},"end":{"line":11,"column":22}},"loc":{"start":{"line":11,"column":38},"end":{"line":11,"column":43}}},"1":{"name":"(anonymous_1)","decl":{"start":{"line":13,"column":2},"end":{"line":13,"column":13}},"loc":{"start":{"line":13,"column":27},"end":{"line":15,"column":3}}},"2":{"name":"(anonymous_2)","decl":{"start":{"line":17,"column":2},"end":{"line":17,"column":7}},"loc":{"start":{"line":17,"column":40},"end":{"line":19,"column":3}}},"3":{"name":"(anonymous_3)","decl":{"start":{"line":21,"column":2},"end":{"line":21,"column":7}},"loc":{"start":{"line":21,"column":34},"end":{"line":23,"column":3}}},"4":{"name":"(anonymous_4)","decl":{"start":{"line":25,"column":2},"end":{"line":25,"column":10}},"loc":{"start":{"line":25,"column":10},"end":{"line":27,"column":3}}}},"branchMap":{"0":{"loc":{"start":{"line":14,"column":19},"end":{"line":14,"column":23}},"type":"cond-expr","locations":[{"start":{"line":14,"column":19},"end":{"line":14,"column":23}},{"start":{"line":14,"column":26},"end":{"line":14,"column":31}}]}},"s":{"0":3,"1":3,"2":3,"3":13,"4":13,"5":8,"6":1,"7":1,"8":1,"9":3,"10":3},"f":{"0":13,"1":8,"2":1,"3":1,"4":1},"b":{"0":[8,0]}}
,"E:\\Bhavin\\etc\\angular-jest\\src\\app\\home\\home.component.html": {"data":{"path":"E:\\Bhavin\\etc\\angular-jest\\src\\app\\home\\home.component.html","statementMap":{"0":{"start":{"line":1,"column":0},"end":{"line":1,"column":43}}},"fnMap":{},"branchMap":{},"s":{"0":1},"f":{},"b":{},"_coverageSchema":"43e27e138ebf9cfc5966b082cf9a028302ed4184","hash":"3210f6bfd730e024e49f25f0a10fdc1e00e653bf"}}
,"E:\\Bhavin\\etc\\angular-jest\\src\\app\\home\\home.component.ts": {"path":"E:\\Bhavin\\etc\\angular-jest\\src\\app\\home\\home.component.ts","statementMap":{"0":{"start":{"line":1,"column":0},"end":{"line":1,"column":50}},"1":{"start":{"line":2,"column":0},"end":{"line":2,"column":52}},"2":{"start":{"line":8,"column":0},"end":{"line":30,"column":null}},"3":{"start":{"line":10,"column":22},"end":{"line":10,"column":31}},"4":{"start":{"line":16,"column":4},"end":{"line":20,"column":null}},"5":{"start":{"line":17,"column":6},"end":{"line":17,"column":31}},"6":{"start":{"line":19,"column":6},"end":{"line":19,"column":39}},"7":{"start":{"line":24,"column":4},"end":{"line":28,"column":null}},"8":{"start":{"line":25,"column":6},"end":{"line":25,"column":44}},"9":{"start":{"line":27,"column":6},"end":{"line":27,"column":39}},"10":{"start":{"line":8,"column":13},"end":{"line":30,"column":null}},"11":{"start":{"line":8,"column":13},"end":{"line":8,"column":26}}},"fnMap":{"0":{"name":"(anonymous_0)","decl":{"start":{"line":10,"column":2},"end":{"line":10,"column":22}},"loc":{"start":{"line":10,"column":45},"end":{"line":10,"column":50}}},"1":{"name":"(anonymous_1)","decl":{"start":{"line":12,"column":2},"end":{"line":12,"column":10}},"loc":{"start":{"line":12,"column":10},"end":{"line":13,"column":3}}},"2":{"name":"(anonymous_2)","decl":{"start":{"line":15,"column":2},"end":{"line":15,"column":7}},"loc":{"start":{"line":15,"column":40},"end":{"line":21,"column":3}}},"3":{"name":"(anonymous_3)","decl":{"start":{"line":23,"column":2},"end":{"line":23,"column":7}},"loc":{"start":{"line":23,"column":34},"end":{"line":29,"column":3}}}},"branchMap":{"0":{"loc":{"start":{"line":16,"column":4},"end":{"line":20,"column":null}},"type":"if","locations":[{"start":{"line":16,"column":4},"end":{"line":20,"column":null}},{"start":{"line":16,"column":4},"end":{"line":20,"column":null}}]},"1":{"loc":{"start":{"line":16,"column":8},"end":{"line":16,"column":41}},"type":"binary-expr","locations":[{"start":{"line":16,"column":8},"end":{"line":16,"column":41}},{"start":{"line":16,"column":45},"end":{"line":16,"column":78}}]},"2":{"loc":{"start":{"line":24,"column":4},"end":{"line":28,"column":null}},"type":"if","locations":[{"start":{"line":24,"column":4},"end":{"line":28,"column":null}},{"start":{"line":24,"column":4},"end":{"line":28,"column":null}}]},"3":{"loc":{"start":{"line":24,"column":8},"end":{"line":24,"column":38}},"type":"binary-expr","locations":[{"start":{"line":24,"column":8},"end":{"line":24,"column":38}},{"start":{"line":24,"column":42},"end":{"line":24,"column":72}}]}},"s":{"0":1,"1":1,"2":1,"3":6,"4":1,"5":1,"6":0,"7":1,"8":1,"9":0,"10":1,"11":1},"f":{"0":6,"1":3,"2":1,"3":1},"b":{"0":[1,0],"1":[1,1],"2":[1,0],"3":[1,1]}}
}
