TN:
SF:E:\Bhavin\etc\angular-jest\src\app\app.component.html
FNF:0
FNH:0
DA:1,1
LF:1
LH:1
BRF:0
BRH:0
end_of_record
TN:
SF:E:\Bhavin\etc\angular-jest\src\app\app.component.ts
FN:10,(anonymous_0)
FN:12,(anonymous_1)
FN:20,(anonymous_2)
FNF:3
FNH:3
FNDA:6,(anonymous_0)
FNDA:1,(anonymous_1)
FNDA:1,(anonymous_2)
DA:1,1
DA:2,1
DA:8,1
DA:9,6
DA:10,6
DA:13,1
DA:14,1
DA:16,0
DA:21,1
DA:22,1
DA:24,0
LF:11
LH:9
BRDA:13,0,0,1
BRDA:13,0,1,0
BRDA:13,1,0,1
BRDA:13,1,1,1
BRDA:21,2,0,1
BRDA:21,2,1,0
BRDA:21,3,0,1
BRDA:21,3,1,1
BRF:8
BRH:6
end_of_record
TN:
SF:E:\Bhavin\etc\angular-jest\src\app\utility.service.ts
FN:11,(anonymous_0)
FN:13,(anonymous_1)
FN:17,(anonymous_2)
FN:21,(anonymous_3)
FN:25,(anonymous_4)
FNF:5
FNH:5
FNDA:13,(anonymous_0)
FNDA:8,(anonymous_1)
FNDA:1,(anonymous_2)
FNDA:1,(anonymous_3)
FNDA:1,(anonymous_4)
DA:1,3
DA:2,3
DA:7,3
DA:10,13
DA:11,13
DA:14,8
DA:18,1
DA:22,1
DA:26,1
LF:9
LH:9
BRDA:14,0,0,8
BRDA:14,0,1,0
BRF:2
BRH:1
end_of_record
TN:
SF:E:\Bhavin\etc\angular-jest\src\app\home\home.component.html
FNF:0
FNH:0
DA:1,1
LF:1
LH:1
BRF:0
BRH:0
end_of_record
TN:
SF:E:\Bhavin\etc\angular-jest\src\app\home\home.component.ts
FN:10,(anonymous_0)
FN:12,(anonymous_1)
FN:15,(anonymous_2)
FN:23,(anonymous_3)
FNF:4
FNH:4
FNDA:6,(anonymous_0)
FNDA:3,(anonymous_1)
FNDA:1,(anonymous_2)
FNDA:1,(anonymous_3)
DA:1,1
DA:2,1
DA:8,1
DA:10,6
DA:16,1
DA:17,1
DA:19,0
DA:24,1
DA:25,1
DA:27,0
LF:10
LH:8
BRDA:16,0,0,1
BRDA:16,0,1,0
BRDA:16,1,0,1
BRDA:16,1,1,1
BRDA:24,2,0,1
BRDA:24,2,1,0
BRDA:24,3,0,1
BRDA:24,3,1,1
BRF:8
BRH:6
end_of_record
